<?xml version="1.0" encoding="UTF-8"?>
<testng-results ignored="0" total="11" passed="10" failed="1" skipped="0">
  <reporter-output>
  </reporter-output>
  <suite started-at="2024-11-15T20:30:34 IST" name="Suite" finished-at="2024-11-15T20:31:18 IST" duration-ms="43771">
    <groups>
      <group name="Sanity">
        <method signature="LoginPageTest.verifyemailtext()[pri:2, instance:com.dryrun.testcases.LoginPageTest@4c39bec8]" name="verifyemailtext" class="com.dryrun.testcases.LoginPageTest"/>
        <method signature="LoginPageTest.verifypasswordtext()[pri:3, instance:com.dryrun.testcases.LoginPageTest@4c39bec8]" name="verifypasswordtext" class="com.dryrun.testcases.LoginPageTest"/>
        <method signature="LoginPageTest.verifyusrnameRequiredtext()[pri:4, instance:com.dryrun.testcases.LoginPageTest@4c39bec8]" name="verifyusrnameRequiredtext" class="com.dryrun.testcases.LoginPageTest"/>
        <method signature="LoginPageTest.verifypasswordRequiredtext()[pri:5, instance:com.dryrun.testcases.LoginPageTest@4c39bec8]" name="verifypasswordRequiredtext" class="com.dryrun.testcases.LoginPageTest"/>
        <method signature="LoginPageTest.verifyusernamenotvalidtext(java.util.HashMap)[pri:6, instance:com.dryrun.testcases.LoginPageTest@4c39bec8]" name="verifyusernamenotvalidtext" class="com.dryrun.testcases.LoginPageTest"/>
        <method signature="LoginPageTest.verifyInvalidUserandPwdtext(java.util.HashMap)[pri:7, instance:com.dryrun.testcases.LoginPageTest@4c39bec8]" name="verifyInvalidUserandPwdtext" class="com.dryrun.testcases.LoginPageTest"/>
        <method signature="LoginPageTest.verifyLoginsuccess(java.util.HashMap)[pri:8, instance:com.dryrun.testcases.LoginPageTest@4c39bec8]" name="verifyLoginsuccess" class="com.dryrun.testcases.LoginPageTest"/>
      </group> <!-- Sanity -->
      <group name="Regression">
        <method signature="LoginPageTest.verifyAIroastamaniLogo()[pri:0, instance:com.dryrun.testcases.LoginPageTest@4c39bec8]" name="verifyAIroastamaniLogo" class="com.dryrun.testcases.LoginPageTest"/>
        <method signature="LoginPageTest.verifyemailtext()[pri:2, instance:com.dryrun.testcases.LoginPageTest@4c39bec8]" name="verifyemailtext" class="com.dryrun.testcases.LoginPageTest"/>
        <method signature="LoginPageTest.verifyusrnameRequiredtext()[pri:4, instance:com.dryrun.testcases.LoginPageTest@4c39bec8]" name="verifyusrnameRequiredtext" class="com.dryrun.testcases.LoginPageTest"/>
        <method signature="LoginPageTest.verifypasswordRequiredtext()[pri:5, instance:com.dryrun.testcases.LoginPageTest@4c39bec8]" name="verifypasswordRequiredtext" class="com.dryrun.testcases.LoginPageTest"/>
        <method signature="LoginPageTest.verifyInvalidUserandPwdtext(java.util.HashMap)[pri:7, instance:com.dryrun.testcases.LoginPageTest@4c39bec8]" name="verifyInvalidUserandPwdtext" class="com.dryrun.testcases.LoginPageTest"/>
      </group> <!-- Regression -->
      <group name="Smoke">
        <method signature="LoginPageTest.verifyTitle()[pri:1, instance:com.dryrun.testcases.LoginPageTest@4c39bec8]" name="verifyTitle" class="com.dryrun.testcases.LoginPageTest"/>
        <method signature="LoginPageTest.verifypasswordtext()[pri:3, instance:com.dryrun.testcases.LoginPageTest@4c39bec8]" name="verifypasswordtext" class="com.dryrun.testcases.LoginPageTest"/>
        <method signature="LoginPageTest.verifyusernamenotvalidtext(java.util.HashMap)[pri:6, instance:com.dryrun.testcases.LoginPageTest@4c39bec8]" name="verifyusernamenotvalidtext" class="com.dryrun.testcases.LoginPageTest"/>
        <method signature="LoginPageTest.verifyLoginsuccess(java.util.HashMap)[pri:8, instance:com.dryrun.testcases.LoginPageTest@4c39bec8]" name="verifyLoginsuccess" class="com.dryrun.testcases.LoginPageTest"/>
      </group> <!-- Smoke -->
    </groups>
    <test started-at="2024-11-15T20:30:34 IST" name="Test_All" finished-at="2024-11-15T20:31:18 IST" duration-ms="43771">
      <class name="com.dryrun.testcases.LoginPageTest">
        <test-method is-config="true" signature="loadConfig()[pri:0, instance:com.dryrun.testcases.LoginPageTest@4c39bec8]" started-at="2024-11-15T20:30:34 IST" name="loadConfig" finished-at="2024-11-15T20:30:34 IST" duration-ms="241" status="PASS">
          <reporter-output>
          </reporter-output>
        </test-method> <!-- loadConfig -->
        <test-method is-config="true" signature="launchApp(java.lang.String)[pri:0, instance:com.dryrun.testcases.LoginPageTest@4c39bec8]" started-at="2024-11-15T20:30:34 IST" name="launchApp" finished-at="2024-11-15T20:30:39 IST" duration-ms="5113" status="PASS">
          <params>
            <param index="0">
              <value>
                <![CDATA[Chrome]]>
              </value>
            </param>
          </params>
          <reporter-output>
          </reporter-output>
        </test-method> <!-- launchApp -->
        <test-method signature="verifyAIroastamaniLogo()[pri:0, instance:com.dryrun.testcases.LoginPageTest@4c39bec8]" started-at="2024-11-15T20:30:39 IST" name="verifyAIroastamaniLogo" finished-at="2024-11-15T20:30:39 IST" duration-ms="138" status="PASS">
          <reporter-output>
          </reporter-output>
        </test-method> <!-- verifyAIroastamaniLogo -->
        <test-method signature="verifyTitle()[pri:1, instance:com.dryrun.testcases.LoginPageTest@4c39bec8]" started-at="2024-11-15T20:30:39 IST" name="verifyTitle" finished-at="2024-11-15T20:30:39 IST" duration-ms="16" status="FAIL">
          <exception class="java.lang.AssertionError">
            <message>
              <![CDATA[expected [ART - ADMI] but found [ART - ADMIN]]]>
            </message>
            <full-stacktrace>
              <![CDATA[java.lang.AssertionError: expected [ART - ADMI] but found [ART - ADMIN]
at org.testng.Assert.fail(Assert.java:111)
at org.testng.Assert.failNotEquals(Assert.java:1578)
at org.testng.Assert.assertEqualsImpl(Assert.java:150)
at org.testng.Assert.assertEquals(Assert.java:132)
at org.testng.Assert.assertEquals(Assert.java:656)
at org.testng.Assert.assertEquals(Assert.java:666)
at com.dryrun.testcases.LoginPageTest.verifyTitle(LoginPageTest.java:43)
at java.base/jdk.internal.reflect.DirectMethodHandleAccessor.invoke(DirectMethodHandleAccessor.java:103)
at java.base/java.lang.reflect.Method.invoke(Method.java:580)
at org.testng.internal.invokers.MethodInvocationHelper.invokeMethod(MethodInvocationHelper.java:141)
at org.testng.internal.invokers.TestInvoker.invokeMethod(TestInvoker.java:686)
at org.testng.internal.invokers.TestInvoker.invokeTestMethod(TestInvoker.java:230)
at org.testng.internal.invokers.MethodRunner.runInSequence(MethodRunner.java:63)
at org.testng.internal.invokers.TestInvoker$MethodInvocationAgent.invoke(TestInvoker.java:992)
at org.testng.internal.invokers.TestInvoker.invokeTestMethods(TestInvoker.java:203)
at org.testng.internal.invokers.TestMethodWorker.invokeTestMethods(TestMethodWorker.java:154)
at org.testng.internal.invokers.TestMethodWorker.run(TestMethodWorker.java:134)
at java.base/java.util.ArrayList.forEach(ArrayList.java:1597)
at org.testng.TestRunner.privateRun(TestRunner.java:739)
at org.testng.TestRunner.run(TestRunner.java:614)
at org.testng.SuiteRunner.runTest(SuiteRunner.java:421)
at org.testng.SuiteRunner.runSequentially(SuiteRunner.java:413)
at org.testng.SuiteRunner.privateRun(SuiteRunner.java:373)
at org.testng.SuiteRunner.run(SuiteRunner.java:312)
at org.testng.SuiteRunnerWorker.runSuite(SuiteRunnerWorker.java:52)
at org.testng.SuiteRunnerWorker.run(SuiteRunnerWorker.java:95)
at org.testng.TestNG.runSuitesSequentially(TestNG.java:1274)
at org.testng.TestNG.runSuitesLocally(TestNG.java:1208)
at org.testng.TestNG.runSuites(TestNG.java:1112)
at org.testng.TestNG.run(TestNG.java:1079)
at org.testng.remote.AbstractRemoteTestNG.run(AbstractRemoteTestNG.java:115)
at org.testng.remote.RemoteTestNG.initAndRun(RemoteTestNG.java:293)
at org.testng.remote.RemoteTestNG.main(RemoteTestNG.java:91)
]]>
            </full-stacktrace>
          </exception> <!-- java.lang.AssertionError -->
          <reporter-output>
          </reporter-output>
        </test-method> <!-- verifyTitle -->
        <test-method signature="verifyemailtext()[pri:2, instance:com.dryrun.testcases.LoginPageTest@4c39bec8]" started-at="2024-11-15T20:30:40 IST" name="verifyemailtext" finished-at="2024-11-15T20:30:40 IST" duration-ms="32" status="PASS">
          <reporter-output>
          </reporter-output>
        </test-method> <!-- verifyemailtext -->
        <test-method signature="verifypasswordtext()[pri:3, instance:com.dryrun.testcases.LoginPageTest@4c39bec8]" started-at="2024-11-15T20:30:40 IST" name="verifypasswordtext" finished-at="2024-11-15T20:30:40 IST" duration-ms="27" status="PASS">
          <reporter-output>
          </reporter-output>
        </test-method> <!-- verifypasswordtext -->
        <test-method signature="verifyusrnameRequiredtext()[pri:4, instance:com.dryrun.testcases.LoginPageTest@4c39bec8]" started-at="2024-11-15T20:30:40 IST" name="verifyusrnameRequiredtext" finished-at="2024-11-15T20:30:40 IST" duration-ms="778" status="PASS">
          <reporter-output>
          </reporter-output>
        </test-method> <!-- verifyusrnameRequiredtext -->
        <test-method signature="verifypasswordRequiredtext()[pri:5, instance:com.dryrun.testcases.LoginPageTest@4c39bec8]" started-at="2024-11-15T20:30:40 IST" name="verifypasswordRequiredtext" finished-at="2024-11-15T20:30:41 IST" duration-ms="249" status="PASS">
          <reporter-output>
          </reporter-output>
        </test-method> <!-- verifypasswordRequiredtext -->
        <test-method signature="verifyusernamenotvalidtext(java.util.HashMap)[pri:6, instance:com.dryrun.testcases.LoginPageTest@4c39bec8]" started-at="2024-11-15T20:30:42 IST" name="verifyusernamenotvalidtext" data-provider="wrongUser" finished-at="2024-11-15T20:30:45 IST" duration-ms="3456" status="PASS">
          <params>
            <param index="0">
              <value>
                <![CDATA[{Username=admin, Password=123.0}]]>
              </value>
            </param>
          </params>
          <reporter-output>
          </reporter-output>
        </test-method> <!-- verifyusernamenotvalidtext -->
        <test-method signature="verifyInvalidUserandPwdtext(java.util.HashMap)[pri:7, instance:com.dryrun.testcases.LoginPageTest@4c39bec8]" started-at="2024-11-15T20:30:45 IST" name="verifyInvalidUserandPwdtext" data-provider="wrongUserandPwd" finished-at="2024-11-15T20:30:53 IST" duration-ms="8084" status="PASS">
          <params>
            <param index="0">
              <value>
                <![CDATA[{Username=admin@ad, Password=123.0}]]>
              </value>
            </param>
          </params>
          <reporter-output>
          </reporter-output>
        </test-method> <!-- verifyInvalidUserandPwdtext -->
        <test-method signature="verifyInvalidUserandPwdtext(java.util.HashMap)[pri:7, instance:com.dryrun.testcases.LoginPageTest@4c39bec8]" started-at="2024-11-15T20:30:53 IST" name="verifyInvalidUserandPwdtext" data-provider="wrongUserandPwd" finished-at="2024-11-15T20:31:01 IST" duration-ms="8214" status="PASS">
          <params>
            <param index="0">
              <value>
                <![CDATA[{Username=admin@adfsfsdf, Password=123.0}]]>
              </value>
            </param>
          </params>
          <reporter-output>
          </reporter-output>
        </test-method> <!-- verifyInvalidUserandPwdtext -->
        <test-method signature="verifyInvalidUserandPwdtext(java.util.HashMap)[pri:7, instance:com.dryrun.testcases.LoginPageTest@4c39bec8]" started-at="2024-11-15T20:31:01 IST" name="verifyInvalidUserandPwdtext" data-provider="wrongUserandPwd" finished-at="2024-11-15T20:31:09 IST" duration-ms="7936" status="PASS">
          <params>
            <param index="0">
              <value>
                <![CDATA[{Username=admin@ad123, Password=123.0}]]>
              </value>
            </param>
          </params>
          <reporter-output>
          </reporter-output>
        </test-method> <!-- verifyInvalidUserandPwdtext -->
        <test-method signature="verifyLoginsuccess(java.util.HashMap)[pri:8, instance:com.dryrun.testcases.LoginPageTest@4c39bec8]" started-at="2024-11-15T20:31:09 IST" name="verifyLoginsuccess" data-provider="validUserandPwd" finished-at="2024-11-15T20:31:18 IST" duration-ms="8275" status="PASS">
          <params>
            <param index="0">
              <value>
                <![CDATA[{Username=cjr@convergentechnologies.com, Password=Test@123}]]>
              </value>
            </param>
          </params>
          <reporter-output>
          </reporter-output>
        </test-method> <!-- verifyLoginsuccess -->
        <test-method is-config="true" signature="closeApp()[pri:0, instance:com.dryrun.testcases.LoginPageTest@4c39bec8]" started-at="2024-11-15T20:31:18 IST" name="closeApp" finished-at="2024-11-15T20:31:18 IST" duration-ms="147" status="PASS">
          <reporter-output>
          </reporter-output>
        </test-method> <!-- closeApp -->
        <test-method is-config="true" signature="afterSuite()[pri:0, instance:com.dryrun.testcases.LoginPageTest@4c39bec8]" started-at="2024-11-15T20:31:18 IST" name="afterSuite" finished-at="2024-11-15T20:31:18 IST" duration-ms="364" status="PASS">
          <reporter-output>
          </reporter-output>
        </test-method> <!-- afterSuite -->
      </class> <!-- com.dryrun.testcases.LoginPageTest -->
    </test> <!-- Test_All -->
  </suite> <!-- Suite -->
</testng-results>
