<?xml version="1.0" encoding="UTF-8"?>
<!-- Generated by org.testng.reporters.JUnitXMLReporter -->
<testsuite ignored="8" hostname="DESKTOP-QTB4BMV" failures="7" tests="13" name="Test_All" time="213.596" errors="0" timestamp="2024-12-19T02:08:12 IST">
  <testcase classname="dnata.admin.testcases.LoginPageTest" name="verifyLoginSuccess" time="16.184"/>
  <testcase classname="dnata.admin.testcases.HomePageTest" name="verifyOrgDetailsText" time="0.481"/>
  <testcase classname="dnata.admin.testcases.HomePageTest" name="verifyOrgDetailsParameters" time="5.463"/>
  <testcase classname="dnata.admin.testcases.HomePageTest" name="verifyCompanyListheadingText" time="1.537"/>
  <testcase classname="dnata.admin.testcases.CompanyListTest" name="verifyBranchCompanyCreation" time="41.276">
    <failure type="java.lang.AssertionError" message="The following asserts failed:
	expected [Add Compan] but found [Add Company],
	expected [Saved successfull] but found [Saved successfully]">
      <![CDATA[java.lang.AssertionError: The following asserts failed:
expected [Add Compan] but found [Add Company],
expected [Saved successfull] but found [Saved successfully]
at dnata.admin.testcases.CompanyListTest.verifyBranchCompanyCreation(CompanyListTest.java:79)
at java.base/java.util.ArrayList.forEach(ArrayList.java:1597)
... Removed 27 stack frames]]>
    </failure>
  </testcase> <!-- verifyBranchCompanyCreation -->
  <testcase classname="dnata.admin.testcases.CompanyListTest" name="verifyB2BCompanyCreation" time="37.978">
    <failure type="java.lang.AssertionError" message="The following asserts failed:
	expected [Add Compan] but found [Add Company],
	expected [Saved successfull] but found [Saved successfully]">
      <![CDATA[java.lang.AssertionError: The following asserts failed:
expected [Add Compan] but found [Add Company],
expected [Saved successfull] but found [Saved successfully]
at dnata.admin.testcases.CompanyListTest.verifyB2BCompanyCreation(CompanyListTest.java:125)
at java.base/java.util.ArrayList.forEach(ArrayList.java:1597)
... Removed 27 stack frames]]>
    </failure>
  </testcase> <!-- verifyB2BCompanyCreation -->
  <testcase classname="dnata.admin.testcases.CompanyListTest" name="VerifyProductConfigurationSetup" time="13.865">
    <failure type="java.lang.AssertionError" message="The following asserts failed:
	expected [Saved successfull] but found [Saved successfully]">
      <![CDATA[java.lang.AssertionError: The following asserts failed:
expected [Saved successfull] but found [Saved successfully]
at dnata.admin.testcases.CompanyListTest.VerifyProductConfigurationSetup(CompanyListTest.java:153)
at java.base/java.util.ArrayList.forEach(ArrayList.java:1597)
... Removed 27 stack frames]]>
    </failure>
  </testcase> <!-- VerifyProductConfigurationSetup -->
  <testcase classname="dnata.admin.testcases.CompanyListTest" name="VerifyCarRentalServiceChargeSetup" time="9.278">
    <failure type="java.lang.AssertionError" message="The following asserts failed:
	expected [Saved successfull] but found [Saved successfully]">
      <![CDATA[java.lang.AssertionError: The following asserts failed:
expected [Saved successfull] but found [Saved successfully]
at dnata.admin.testcases.CompanyListTest.VerifyCarRentalServiceChargeSetup(CompanyListTest.java:175)
at java.base/java.util.ArrayList.forEach(ArrayList.java:1597)
... Removed 27 stack frames]]>
    </failure>
  </testcase> <!-- VerifyCarRentalServiceChargeSetup -->
  <testcase classname="dnata.admin.testcases.CompanyListTest" name="verifyCompanyUserCreation" time="15.526"/>
  <testcase classname="dnata.admin.testcases.CompanyListTest" name="verifyCompanyUserCreationAssignRole" time="9.147">
    <failure type="java.lang.AssertionError" message="The following asserts failed:
	expected [Saved successfull] but found [Saved successfully]">
      <![CDATA[java.lang.AssertionError: The following asserts failed:
expected [Saved successfull] but found [Saved successfully]
at dnata.admin.testcases.CompanyListTest.verifyCompanyUserCreationAssignRole(CompanyListTest.java:237)
at java.base/java.util.ArrayList.forEach(ArrayList.java:1597)
... Removed 27 stack frames]]>
    </failure>
  </testcase> <!-- verifyCompanyUserCreationAssignRole -->
  <testcase classname="dnata.admin.testcases.CompanyListTest" name="verifyCompanyCustomerCreation" time="28.515"/>
  <testcase classname="dnata.admin.testcases.CompanyListTest" name="verifyCompanySupplierConfig" time="8.486">
    <failure type="java.lang.AssertionError" message="The following asserts failed:
	expected [Saved successfull] but found [Saved successfully]">
      <![CDATA[java.lang.AssertionError: The following asserts failed:
expected [Saved successfull] but found [Saved successfully]
at dnata.admin.testcases.CompanyListTest.verifyCompanySupplierConfig(CompanyListTest.java:305)
at java.base/java.util.ArrayList.forEach(ArrayList.java:1597)
... Removed 27 stack frames]]>
    </failure>
  </testcase> <!-- verifyCompanySupplierConfig -->
  <testcase classname="dnata.admin.testcases.CompanyListTest" name="verifyCompanyFOP" time="9.382">
    <failure type="java.lang.AssertionError" message="The following asserts failed:
	expected [Saved successfull] but found [Saved successfully]">
      <![CDATA[java.lang.AssertionError: The following asserts failed:
expected [Saved successfull] but found [Saved successfully]
at dnata.admin.testcases.CompanyListTest.verifyCompanyFOP(CompanyListTest.java:331)
at java.base/java.util.ArrayList.forEach(ArrayList.java:1597)
... Removed 27 stack frames]]>
    </failure>
  </testcase> <!-- verifyCompanyFOP -->
  <testcase classname="dnata.admin.base.BaseClass" name="@BeforeSuite loadConfig" time="0.0">
    <ignored/>
  </testcase> <!-- @BeforeSuite loadConfig -->
  <testcase classname="dnata.admin.base.BaseClass" name="@AfterSuite afterSuite" time="0.0">
    <ignored/>
  </testcase> <!-- @AfterSuite afterSuite -->
  <testcase classname="dnata.admin.base.BaseClass" name="@AfterSuite afterSuite" time="0.0">
    <ignored/>
  </testcase> <!-- @AfterSuite afterSuite -->
  <testcase classname="dnata.admin.base.BaseClass" name="@AfterTest closeApp" time="0.0">
    <ignored/>
  </testcase> <!-- @AfterTest closeApp -->
  <testcase classname="dnata.admin.base.BaseClass" name="@BeforeTest launchApp" time="0.0">
    <ignored/>
  </testcase> <!-- @BeforeTest launchApp -->
  <testcase classname="dnata.admin.base.BaseClass" name="@AfterTest closeApp" time="0.0">
    <ignored/>
  </testcase> <!-- @AfterTest closeApp -->
  <testcase classname="dnata.admin.base.BaseClass" name="@BeforeTest launchApp" time="0.0">
    <ignored/>
  </testcase> <!-- @BeforeTest launchApp -->
  <testcase classname="dnata.admin.base.BaseClass" name="@BeforeSuite loadConfig" time="0.0">
    <ignored/>
  </testcase> <!-- @BeforeSuite loadConfig -->
</testsuite> <!-- Test_All -->
