<html>
<head>
<title>TestNG:  Test_All</title>
<link href="../testng.css" rel="stylesheet" type="text/css" />
<link href="../my-testng.css" rel="stylesheet" type="text/css" />

<style type="text/css">
.log { display: none;} 
.stack-trace { display: none;} 
</style>
<script type="text/javascript">
<!--
function flip(e) {
  current = e.style.display;
  if (current == 'block') {
    e.style.display = 'none';
    return 0;
  }
  else {
    e.style.display = 'block';
    return 1;
  }
}

function toggleBox(szDivId, elem, msg1, msg2)
{
  var res = -1;  if (document.getElementById) {
    res = flip(document.getElementById(szDivId));
  }
  else if (document.all) {
    // this is the way old msie versions work
    res = flip(document.all[szDivId]);
  }
  if(elem) {
    if(res == 0) elem.innerHTML = msg1; else elem.innerHTML = msg2;
  }

}

function toggleAllBoxes() {
  if (document.getElementsByTagName) {
    d = document.getElementsByTagName('div');
    for (i = 0; i < d.length; i++) {
      if (d[i].className == 'log') {
        flip(d[i]);
      }
    }
  }
}

// -->
</script>

</head>
<body>
<h2 align='center'>Test_All</h2><table border='1' align="center">
<tr>
<td>Tests passed/Failed/Skipped:</td><td>6/7/0</td>
</tr><tr>
<td>Started on:</td><td>Thu Dec 19 02:04:38 IST 2024</td>
</tr>
<tr><td>Total time:</td><td>213 seconds (213596 ms)</td>
</tr><tr>
<td>Included groups:</td><td></td>
</tr><tr>
<td>Excluded groups:</td><td></td>
</tr>
</table><p/>
<small><i>(Hover the method name to see the test class name)</i></small><p/>
<table width='100%' border='1' class='invocation-failed'>
<tr><td colspan='4' align='center'><b>FAILED TESTS</b></td></tr>
<tr><td><b>Test method</b></td>
<td><b>Attribute(s)</b></td>
<td width="30%"><b>Exception</b></td>
<td width="10%"><b>Time (seconds)</b></td>
<td><b>Instance</b></td>
</tr>
<tr>
<td title='dnata.admin.testcases.CompanyListTest.verifyBranchCompanyCreation()'><b>verifyBranchCompanyCreation</b><br>Test class: dnata.admin.testcases.CompanyListTest<br>Parameters: {Email=sample@sample.com, Address=Sample Address, Channel Name= Dnata Hertz , Mobile Code=IN-91, City=City, Account Code=123, Name=Automation Testing, Short Name=AT, Customer Group=Dnata GSA Team, Staff Email=sample@sample.com, Limit Type=No Limit, Branch=Dnata Dubai Branch, Back Office Provider= CONVERGENT , Mobile No=912345, Country=INDIA, Company Type=BRANCH}</td>
<td><div><pre>java.lang.AssertionError: The following asserts failed:
	expected [Add Compan] but found [Add Company],
	expected [Saved successfull] but found [Saved successfully]
	at dnata.admin.testcases.CompanyListTest.verifyBranchCompanyCreation(CompanyListTest.java:79)
	at java.base/java.util.ArrayList.forEach(ArrayList.java:1597)
... Removed 27 stack frames</pre></div><a href='#' onClick='toggleBox("stack-trace1583686310", this, "Click to show all stack frames", "Click to hide stack frames")'>Click to show all stack frames</a>
<div class='stack-trace' id='stack-trace1583686310'><pre>java.lang.AssertionError: The following asserts failed:
	expected [Add Compan] but found [Add Company],
	expected [Saved successfull] but found [Saved successfully]
	at org.testng.asserts.SoftAssert.assertAll(SoftAssert.java:46)
	at org.testng.asserts.SoftAssert.assertAll(SoftAssert.java:30)
	at dnata.admin.testcases.CompanyListTest.verifyBranchCompanyCreation(CompanyListTest.java:79)
	at java.base/jdk.internal.reflect.DirectMethodHandleAccessor.invoke(DirectMethodHandleAccessor.java:103)
	at java.base/java.lang.reflect.Method.invoke(Method.java:580)
	at org.testng.internal.invokers.MethodInvocationHelper.invokeMethod(MethodInvocationHelper.java:141)
	at org.testng.internal.invokers.TestInvoker.invokeMethod(TestInvoker.java:686)
	at org.testng.internal.invokers.TestInvoker.invokeTestMethod(TestInvoker.java:230)
	at org.testng.internal.invokers.MethodRunner.runInSequence(MethodRunner.java:63)
	at org.testng.internal.invokers.TestInvoker$MethodInvocationAgent.invoke(TestInvoker.java:992)
	at org.testng.internal.invokers.TestInvoker.invokeTestMethods(TestInvoker.java:203)
	at org.testng.internal.invokers.TestMethodWorker.invokeTestMethods(TestMethodWorker.java:154)
	at org.testng.internal.invokers.TestMethodWorker.run(TestMethodWorker.java:134)
	at java.base/java.util.ArrayList.forEach(ArrayList.java:1597)
	at org.testng.TestRunner.privateRun(TestRunner.java:739)
	at org.testng.TestRunner.run(TestRunner.java:614)
	at org.testng.SuiteRunner.runTest(SuiteRunner.java:421)
	at org.testng.SuiteRunner.runSequentially(SuiteRunner.java:413)
	at org.testng.SuiteRunner.privateRun(SuiteRunner.java:373)
	at org.testng.SuiteRunner.run(SuiteRunner.java:312)
	at org.testng.SuiteRunnerWorker.runSuite(SuiteRunnerWorker.java:52)
	at org.testng.SuiteRunnerWorker.run(SuiteRunnerWorker.java:95)
	at org.testng.TestNG.runSuitesSequentially(TestNG.java:1274)
	at org.testng.TestNG.runSuitesLocally(TestNG.java:1208)
	at org.testng.TestNG.runSuites(TestNG.java:1112)
	at org.testng.TestNG.run(TestNG.java:1079)
	at org.testng.remote.AbstractRemoteTestNG.run(AbstractRemoteTestNG.java:115)
	at org.testng.remote.RemoteTestNG.initAndRun(RemoteTestNG.java:293)
	at org.testng.remote.RemoteTestNG.main(RemoteTestNG.java:91)
</pre></div></td>
<td>41</td>
<td>dnata.admin.testcases.CompanyListTest@1757cd72</td></tr>
<tr>
<td title='dnata.admin.testcases.CompanyListTest.VerifyCarRentalServiceChargeSetup()'><b>VerifyCarRentalServiceChargeSetup</b><br>Test class: dnata.admin.testcases.CompanyListTest</td>
<td><div><pre>java.lang.AssertionError: The following asserts failed:
	expected [Saved successfull] but found [Saved successfully]
	at dnata.admin.testcases.CompanyListTest.VerifyCarRentalServiceChargeSetup(CompanyListTest.java:175)
	at java.base/java.util.ArrayList.forEach(ArrayList.java:1597)
... Removed 27 stack frames</pre></div><a href='#' onClick='toggleBox("stack-trace992521115", this, "Click to show all stack frames", "Click to hide stack frames")'>Click to show all stack frames</a>
<div class='stack-trace' id='stack-trace992521115'><pre>java.lang.AssertionError: The following asserts failed:
	expected [Saved successfull] but found [Saved successfully]
	at org.testng.asserts.SoftAssert.assertAll(SoftAssert.java:46)
	at org.testng.asserts.SoftAssert.assertAll(SoftAssert.java:30)
	at dnata.admin.testcases.CompanyListTest.VerifyCarRentalServiceChargeSetup(CompanyListTest.java:175)
	at java.base/jdk.internal.reflect.DirectMethodHandleAccessor.invoke(DirectMethodHandleAccessor.java:103)
	at java.base/java.lang.reflect.Method.invoke(Method.java:580)
	at org.testng.internal.invokers.MethodInvocationHelper.invokeMethod(MethodInvocationHelper.java:141)
	at org.testng.internal.invokers.TestInvoker.invokeMethod(TestInvoker.java:686)
	at org.testng.internal.invokers.TestInvoker.invokeTestMethod(TestInvoker.java:230)
	at org.testng.internal.invokers.MethodRunner.runInSequence(MethodRunner.java:63)
	at org.testng.internal.invokers.TestInvoker$MethodInvocationAgent.invoke(TestInvoker.java:992)
	at org.testng.internal.invokers.TestInvoker.invokeTestMethods(TestInvoker.java:203)
	at org.testng.internal.invokers.TestMethodWorker.invokeTestMethods(TestMethodWorker.java:154)
	at org.testng.internal.invokers.TestMethodWorker.run(TestMethodWorker.java:134)
	at java.base/java.util.ArrayList.forEach(ArrayList.java:1597)
	at org.testng.TestRunner.privateRun(TestRunner.java:739)
	at org.testng.TestRunner.run(TestRunner.java:614)
	at org.testng.SuiteRunner.runTest(SuiteRunner.java:421)
	at org.testng.SuiteRunner.runSequentially(SuiteRunner.java:413)
	at org.testng.SuiteRunner.privateRun(SuiteRunner.java:373)
	at org.testng.SuiteRunner.run(SuiteRunner.java:312)
	at org.testng.SuiteRunnerWorker.runSuite(SuiteRunnerWorker.java:52)
	at org.testng.SuiteRunnerWorker.run(SuiteRunnerWorker.java:95)
	at org.testng.TestNG.runSuitesSequentially(TestNG.java:1274)
	at org.testng.TestNG.runSuitesLocally(TestNG.java:1208)
	at org.testng.TestNG.runSuites(TestNG.java:1112)
	at org.testng.TestNG.run(TestNG.java:1079)
	at org.testng.remote.AbstractRemoteTestNG.run(AbstractRemoteTestNG.java:115)
	at org.testng.remote.RemoteTestNG.initAndRun(RemoteTestNG.java:293)
	at org.testng.remote.RemoteTestNG.main(RemoteTestNG.java:91)
</pre></div></td>
<td>9</td>
<td>dnata.admin.testcases.CompanyListTest@1757cd72</td></tr>
<tr>
<td title='dnata.admin.testcases.CompanyListTest.verifyCompanyFOP()'><b>verifyCompanyFOP</b><br>Test class: dnata.admin.testcases.CompanyListTest<br>Parameters: {Email=sample@sample.com, First Name=AUTOMATIONCUSTOMER, PID=01-01-2020, Gender=Male, City=Sample City, Salutation= MR , Nationality= Indian , PED=01-01-2030, Supplier Config=CLUBMED SIT, FOP Default=False, Phone Code= IN - 91 , DOB=01-01-2000, Passport Issued= Indian , Last Name=TESTING, FOP Type=CREDIT, Phone No=912345, Passport No=AY}</td>
<td><div><pre>java.lang.AssertionError: The following asserts failed:
	expected [Saved successfull] but found [Saved successfully]
	at dnata.admin.testcases.CompanyListTest.verifyCompanyFOP(CompanyListTest.java:331)
	at java.base/java.util.ArrayList.forEach(ArrayList.java:1597)
... Removed 27 stack frames</pre></div><a href='#' onClick='toggleBox("stack-trace1119145185", this, "Click to show all stack frames", "Click to hide stack frames")'>Click to show all stack frames</a>
<div class='stack-trace' id='stack-trace1119145185'><pre>java.lang.AssertionError: The following asserts failed:
	expected [Saved successfull] but found [Saved successfully]
	at org.testng.asserts.SoftAssert.assertAll(SoftAssert.java:46)
	at org.testng.asserts.SoftAssert.assertAll(SoftAssert.java:30)
	at dnata.admin.testcases.CompanyListTest.verifyCompanyFOP(CompanyListTest.java:331)
	at java.base/jdk.internal.reflect.DirectMethodHandleAccessor.invoke(DirectMethodHandleAccessor.java:103)
	at java.base/java.lang.reflect.Method.invoke(Method.java:580)
	at org.testng.internal.invokers.MethodInvocationHelper.invokeMethod(MethodInvocationHelper.java:141)
	at org.testng.internal.invokers.TestInvoker.invokeMethod(TestInvoker.java:686)
	at org.testng.internal.invokers.TestInvoker.invokeTestMethod(TestInvoker.java:230)
	at org.testng.internal.invokers.MethodRunner.runInSequence(MethodRunner.java:63)
	at org.testng.internal.invokers.TestInvoker$MethodInvocationAgent.invoke(TestInvoker.java:992)
	at org.testng.internal.invokers.TestInvoker.invokeTestMethods(TestInvoker.java:203)
	at org.testng.internal.invokers.TestMethodWorker.invokeTestMethods(TestMethodWorker.java:154)
	at org.testng.internal.invokers.TestMethodWorker.run(TestMethodWorker.java:134)
	at java.base/java.util.ArrayList.forEach(ArrayList.java:1597)
	at org.testng.TestRunner.privateRun(TestRunner.java:739)
	at org.testng.TestRunner.run(TestRunner.java:614)
	at org.testng.SuiteRunner.runTest(SuiteRunner.java:421)
	at org.testng.SuiteRunner.runSequentially(SuiteRunner.java:413)
	at org.testng.SuiteRunner.privateRun(SuiteRunner.java:373)
	at org.testng.SuiteRunner.run(SuiteRunner.java:312)
	at org.testng.SuiteRunnerWorker.runSuite(SuiteRunnerWorker.java:52)
	at org.testng.SuiteRunnerWorker.run(SuiteRunnerWorker.java:95)
	at org.testng.TestNG.runSuitesSequentially(TestNG.java:1274)
	at org.testng.TestNG.runSuitesLocally(TestNG.java:1208)
	at org.testng.TestNG.runSuites(TestNG.java:1112)
	at org.testng.TestNG.run(TestNG.java:1079)
	at org.testng.remote.AbstractRemoteTestNG.run(AbstractRemoteTestNG.java:115)
	at org.testng.remote.RemoteTestNG.initAndRun(RemoteTestNG.java:293)
	at org.testng.remote.RemoteTestNG.main(RemoteTestNG.java:91)
</pre></div></td>
<td>9</td>
<td>dnata.admin.testcases.CompanyListTest@1757cd72</td></tr>
<tr>
<td title='dnata.admin.testcases.CompanyListTest.verifyCompanySupplierConfig()'><b>verifyCompanySupplierConfig</b><br>Test class: dnata.admin.testcases.CompanyListTest<br>Parameters: {Email=sample@sample.com, First Name=AUTOMATIONCUSTOMER, PID=01-01-2020, Gender=Male, City=Sample City, Salutation= MR , Nationality= Indian , PED=01-01-2030, Supplier Config=CLUBMED SIT, FOP Default=False, Phone Code= IN - 91 , DOB=01-01-2000, Passport Issued= Indian , Last Name=TESTING, FOP Type=CREDIT, Phone No=912345, Passport No=AY}</td>
<td><div><pre>java.lang.AssertionError: The following asserts failed:
	expected [Saved successfull] but found [Saved successfully]
	at dnata.admin.testcases.CompanyListTest.verifyCompanySupplierConfig(CompanyListTest.java:305)
	at java.base/java.util.ArrayList.forEach(ArrayList.java:1597)
... Removed 27 stack frames</pre></div><a href='#' onClick='toggleBox("stack-trace1909710805", this, "Click to show all stack frames", "Click to hide stack frames")'>Click to show all stack frames</a>
<div class='stack-trace' id='stack-trace1909710805'><pre>java.lang.AssertionError: The following asserts failed:
	expected [Saved successfull] but found [Saved successfully]
	at org.testng.asserts.SoftAssert.assertAll(SoftAssert.java:46)
	at org.testng.asserts.SoftAssert.assertAll(SoftAssert.java:30)
	at dnata.admin.testcases.CompanyListTest.verifyCompanySupplierConfig(CompanyListTest.java:305)
	at java.base/jdk.internal.reflect.DirectMethodHandleAccessor.invoke(DirectMethodHandleAccessor.java:103)
	at java.base/java.lang.reflect.Method.invoke(Method.java:580)
	at org.testng.internal.invokers.MethodInvocationHelper.invokeMethod(MethodInvocationHelper.java:141)
	at org.testng.internal.invokers.TestInvoker.invokeMethod(TestInvoker.java:686)
	at org.testng.internal.invokers.TestInvoker.invokeTestMethod(TestInvoker.java:230)
	at org.testng.internal.invokers.MethodRunner.runInSequence(MethodRunner.java:63)
	at org.testng.internal.invokers.TestInvoker$MethodInvocationAgent.invoke(TestInvoker.java:992)
	at org.testng.internal.invokers.TestInvoker.invokeTestMethods(TestInvoker.java:203)
	at org.testng.internal.invokers.TestMethodWorker.invokeTestMethods(TestMethodWorker.java:154)
	at org.testng.internal.invokers.TestMethodWorker.run(TestMethodWorker.java:134)
	at java.base/java.util.ArrayList.forEach(ArrayList.java:1597)
	at org.testng.TestRunner.privateRun(TestRunner.java:739)
	at org.testng.TestRunner.run(TestRunner.java:614)
	at org.testng.SuiteRunner.runTest(SuiteRunner.java:421)
	at org.testng.SuiteRunner.runSequentially(SuiteRunner.java:413)
	at org.testng.SuiteRunner.privateRun(SuiteRunner.java:373)
	at org.testng.SuiteRunner.run(SuiteRunner.java:312)
	at org.testng.SuiteRunnerWorker.runSuite(SuiteRunnerWorker.java:52)
	at org.testng.SuiteRunnerWorker.run(SuiteRunnerWorker.java:95)
	at org.testng.TestNG.runSuitesSequentially(TestNG.java:1274)
	at org.testng.TestNG.runSuitesLocally(TestNG.java:1208)
	at org.testng.TestNG.runSuites(TestNG.java:1112)
	at org.testng.TestNG.run(TestNG.java:1079)
	at org.testng.remote.AbstractRemoteTestNG.run(AbstractRemoteTestNG.java:115)
	at org.testng.remote.RemoteTestNG.initAndRun(RemoteTestNG.java:293)
	at org.testng.remote.RemoteTestNG.main(RemoteTestNG.java:91)
</pre></div></td>
<td>8</td>
<td>dnata.admin.testcases.CompanyListTest@1757cd72</td></tr>
<tr>
<td title='dnata.admin.testcases.CompanyListTest.VerifyProductConfigurationSetup()'><b>VerifyProductConfigurationSetup</b><br>Test class: dnata.admin.testcases.CompanyListTest</td>
<td><div><pre>java.lang.AssertionError: The following asserts failed:
	expected [Saved successfull] but found [Saved successfully]
	at dnata.admin.testcases.CompanyListTest.VerifyProductConfigurationSetup(CompanyListTest.java:153)
	at java.base/java.util.ArrayList.forEach(ArrayList.java:1597)
... Removed 27 stack frames</pre></div><a href='#' onClick='toggleBox("stack-trace1424698358", this, "Click to show all stack frames", "Click to hide stack frames")'>Click to show all stack frames</a>
<div class='stack-trace' id='stack-trace1424698358'><pre>java.lang.AssertionError: The following asserts failed:
	expected [Saved successfull] but found [Saved successfully]
	at org.testng.asserts.SoftAssert.assertAll(SoftAssert.java:46)
	at org.testng.asserts.SoftAssert.assertAll(SoftAssert.java:30)
	at dnata.admin.testcases.CompanyListTest.VerifyProductConfigurationSetup(CompanyListTest.java:153)
	at java.base/jdk.internal.reflect.DirectMethodHandleAccessor.invoke(DirectMethodHandleAccessor.java:103)
	at java.base/java.lang.reflect.Method.invoke(Method.java:580)
	at org.testng.internal.invokers.MethodInvocationHelper.invokeMethod(MethodInvocationHelper.java:141)
	at org.testng.internal.invokers.TestInvoker.invokeMethod(TestInvoker.java:686)
	at org.testng.internal.invokers.TestInvoker.invokeTestMethod(TestInvoker.java:230)
	at org.testng.internal.invokers.MethodRunner.runInSequence(MethodRunner.java:63)
	at org.testng.internal.invokers.TestInvoker$MethodInvocationAgent.invoke(TestInvoker.java:992)
	at org.testng.internal.invokers.TestInvoker.invokeTestMethods(TestInvoker.java:203)
	at org.testng.internal.invokers.TestMethodWorker.invokeTestMethods(TestMethodWorker.java:154)
	at org.testng.internal.invokers.TestMethodWorker.run(TestMethodWorker.java:134)
	at java.base/java.util.ArrayList.forEach(ArrayList.java:1597)
	at org.testng.TestRunner.privateRun(TestRunner.java:739)
	at org.testng.TestRunner.run(TestRunner.java:614)
	at org.testng.SuiteRunner.runTest(SuiteRunner.java:421)
	at org.testng.SuiteRunner.runSequentially(SuiteRunner.java:413)
	at org.testng.SuiteRunner.privateRun(SuiteRunner.java:373)
	at org.testng.SuiteRunner.run(SuiteRunner.java:312)
	at org.testng.SuiteRunnerWorker.runSuite(SuiteRunnerWorker.java:52)
	at org.testng.SuiteRunnerWorker.run(SuiteRunnerWorker.java:95)
	at org.testng.TestNG.runSuitesSequentially(TestNG.java:1274)
	at org.testng.TestNG.runSuitesLocally(TestNG.java:1208)
	at org.testng.TestNG.runSuites(TestNG.java:1112)
	at org.testng.TestNG.run(TestNG.java:1079)
	at org.testng.remote.AbstractRemoteTestNG.run(AbstractRemoteTestNG.java:115)
	at org.testng.remote.RemoteTestNG.initAndRun(RemoteTestNG.java:293)
	at org.testng.remote.RemoteTestNG.main(RemoteTestNG.java:91)
</pre></div></td>
<td>13</td>
<td>dnata.admin.testcases.CompanyListTest@1757cd72</td></tr>
<tr>
<td title='dnata.admin.testcases.CompanyListTest.verifyCompanyUserCreationAssignRole()'><b>verifyCompanyUserCreationAssignRole</b><br>Test class: dnata.admin.testcases.CompanyListTest<br>Parameters: {Role= MULTI ROLE 1 , Email=sample@sample.com, First Name=AUTOMATIONUSER, Office Phone=123456789, Last Name=TESTING, Module=B2B, Salutation= MR , Password=Sample@123}</td>
<td><div><pre>java.lang.AssertionError: The following asserts failed:
	expected [Saved successfull] but found [Saved successfully]
	at dnata.admin.testcases.CompanyListTest.verifyCompanyUserCreationAssignRole(CompanyListTest.java:237)
	at java.base/java.util.ArrayList.forEach(ArrayList.java:1597)
... Removed 27 stack frames</pre></div><a href='#' onClick='toggleBox("stack-trace466989512", this, "Click to show all stack frames", "Click to hide stack frames")'>Click to show all stack frames</a>
<div class='stack-trace' id='stack-trace466989512'><pre>java.lang.AssertionError: The following asserts failed:
	expected [Saved successfull] but found [Saved successfully]
	at org.testng.asserts.SoftAssert.assertAll(SoftAssert.java:46)
	at org.testng.asserts.SoftAssert.assertAll(SoftAssert.java:30)
	at dnata.admin.testcases.CompanyListTest.verifyCompanyUserCreationAssignRole(CompanyListTest.java:237)
	at java.base/jdk.internal.reflect.DirectMethodHandleAccessor.invoke(DirectMethodHandleAccessor.java:103)
	at java.base/java.lang.reflect.Method.invoke(Method.java:580)
	at org.testng.internal.invokers.MethodInvocationHelper.invokeMethod(MethodInvocationHelper.java:141)
	at org.testng.internal.invokers.TestInvoker.invokeMethod(TestInvoker.java:686)
	at org.testng.internal.invokers.TestInvoker.invokeTestMethod(TestInvoker.java:230)
	at org.testng.internal.invokers.MethodRunner.runInSequence(MethodRunner.java:63)
	at org.testng.internal.invokers.TestInvoker$MethodInvocationAgent.invoke(TestInvoker.java:992)
	at org.testng.internal.invokers.TestInvoker.invokeTestMethods(TestInvoker.java:203)
	at org.testng.internal.invokers.TestMethodWorker.invokeTestMethods(TestMethodWorker.java:154)
	at org.testng.internal.invokers.TestMethodWorker.run(TestMethodWorker.java:134)
	at java.base/java.util.ArrayList.forEach(ArrayList.java:1597)
	at org.testng.TestRunner.privateRun(TestRunner.java:739)
	at org.testng.TestRunner.run(TestRunner.java:614)
	at org.testng.SuiteRunner.runTest(SuiteRunner.java:421)
	at org.testng.SuiteRunner.runSequentially(SuiteRunner.java:413)
	at org.testng.SuiteRunner.privateRun(SuiteRunner.java:373)
	at org.testng.SuiteRunner.run(SuiteRunner.java:312)
	at org.testng.SuiteRunnerWorker.runSuite(SuiteRunnerWorker.java:52)
	at org.testng.SuiteRunnerWorker.run(SuiteRunnerWorker.java:95)
	at org.testng.TestNG.runSuitesSequentially(TestNG.java:1274)
	at org.testng.TestNG.runSuitesLocally(TestNG.java:1208)
	at org.testng.TestNG.runSuites(TestNG.java:1112)
	at org.testng.TestNG.run(TestNG.java:1079)
	at org.testng.remote.AbstractRemoteTestNG.run(AbstractRemoteTestNG.java:115)
	at org.testng.remote.RemoteTestNG.initAndRun(RemoteTestNG.java:293)
	at org.testng.remote.RemoteTestNG.main(RemoteTestNG.java:91)
</pre></div></td>
<td>9</td>
<td>dnata.admin.testcases.CompanyListTest@1757cd72</td></tr>
<tr>
<td title='dnata.admin.testcases.CompanyListTest.verifyB2BCompanyCreation()'><b>verifyB2BCompanyCreation</b><br>Test class: dnata.admin.testcases.CompanyListTest<br>Parameters: {Email=sample@sample.com, Address=Sample Address, Channel Name= Dnata Hertz , Mobile Code=IN-91, City=City, Account Code=123, Name=Automation Testing, Short Name=AT, Customer Group=Dnata GSA Team, Staff Email=sample@sample.com, Limit Type=Fixed, Branch=Dnata Dubai Branch, Back Office Provider= CONVERGENT , Mobile No=912345, Country=INDIA, Company Type=B2B}</td>
<td><div><pre>java.lang.AssertionError: The following asserts failed:
	expected [Add Compan] but found [Add Company],
	expected [Saved successfull] but found [Saved successfully]
	at dnata.admin.testcases.CompanyListTest.verifyB2BCompanyCreation(CompanyListTest.java:125)
	at java.base/java.util.ArrayList.forEach(ArrayList.java:1597)
... Removed 27 stack frames</pre></div><a href='#' onClick='toggleBox("stack-trace1040394205", this, "Click to show all stack frames", "Click to hide stack frames")'>Click to show all stack frames</a>
<div class='stack-trace' id='stack-trace1040394205'><pre>java.lang.AssertionError: The following asserts failed:
	expected [Add Compan] but found [Add Company],
	expected [Saved successfull] but found [Saved successfully]
	at org.testng.asserts.SoftAssert.assertAll(SoftAssert.java:46)
	at org.testng.asserts.SoftAssert.assertAll(SoftAssert.java:30)
	at dnata.admin.testcases.CompanyListTest.verifyB2BCompanyCreation(CompanyListTest.java:125)
	at java.base/jdk.internal.reflect.DirectMethodHandleAccessor.invoke(DirectMethodHandleAccessor.java:103)
	at java.base/java.lang.reflect.Method.invoke(Method.java:580)
	at org.testng.internal.invokers.MethodInvocationHelper.invokeMethod(MethodInvocationHelper.java:141)
	at org.testng.internal.invokers.TestInvoker.invokeMethod(TestInvoker.java:686)
	at org.testng.internal.invokers.TestInvoker.invokeTestMethod(TestInvoker.java:230)
	at org.testng.internal.invokers.MethodRunner.runInSequence(MethodRunner.java:63)
	at org.testng.internal.invokers.TestInvoker$MethodInvocationAgent.invoke(TestInvoker.java:992)
	at org.testng.internal.invokers.TestInvoker.invokeTestMethods(TestInvoker.java:203)
	at org.testng.internal.invokers.TestMethodWorker.invokeTestMethods(TestMethodWorker.java:154)
	at org.testng.internal.invokers.TestMethodWorker.run(TestMethodWorker.java:134)
	at java.base/java.util.ArrayList.forEach(ArrayList.java:1597)
	at org.testng.TestRunner.privateRun(TestRunner.java:739)
	at org.testng.TestRunner.run(TestRunner.java:614)
	at org.testng.SuiteRunner.runTest(SuiteRunner.java:421)
	at org.testng.SuiteRunner.runSequentially(SuiteRunner.java:413)
	at org.testng.SuiteRunner.privateRun(SuiteRunner.java:373)
	at org.testng.SuiteRunner.run(SuiteRunner.java:312)
	at org.testng.SuiteRunnerWorker.runSuite(SuiteRunnerWorker.java:52)
	at org.testng.SuiteRunnerWorker.run(SuiteRunnerWorker.java:95)
	at org.testng.TestNG.runSuitesSequentially(TestNG.java:1274)
	at org.testng.TestNG.runSuitesLocally(TestNG.java:1208)
	at org.testng.TestNG.runSuites(TestNG.java:1112)
	at org.testng.TestNG.run(TestNG.java:1079)
	at org.testng.remote.AbstractRemoteTestNG.run(AbstractRemoteTestNG.java:115)
	at org.testng.remote.RemoteTestNG.initAndRun(RemoteTestNG.java:293)
	at org.testng.remote.RemoteTestNG.main(RemoteTestNG.java:91)
</pre></div></td>
<td>37</td>
<td>dnata.admin.testcases.CompanyListTest@1757cd72</td></tr>
</table><p>
<table width='100%' border='1' class='invocation-passed'>
<tr><td colspan='4' align='center'><b>PASSED TESTS</b></td></tr>
<tr><td><b>Test method</b></td>
<td><b>Attribute(s)</b></td>
<td width="30%"><b>Exception</b></td>
<td width="10%"><b>Time (seconds)</b></td>
<td><b>Instance</b></td>
</tr>
<tr>
<td title='dnata.admin.testcases.LoginPageTest.verifyLoginSuccess()'><b>verifyLoginSuccess</b><br>Test class: dnata.admin.testcases.LoginPageTest<br>Parameters: {Username=nagaarjunan.s@convergentechnologies.com, Password=Naga@123}</td>
<td></td>
<td>16</td>
<td>dnata.admin.testcases.LoginPageTest@1f59a598</td></tr>
<tr>
<td title='dnata.admin.testcases.HomePageTest.verifyCompanyListheadingText()'><b>verifyCompanyListheadingText</b><br>Test class: dnata.admin.testcases.HomePageTest</td>
<td></td>
<td>1</td>
<td>dnata.admin.testcases.HomePageTest@2e377400</td></tr>
<tr>
<td title='dnata.admin.testcases.HomePageTest.verifyOrgDetailsText()'><b>verifyOrgDetailsText</b><br>Test class: dnata.admin.testcases.HomePageTest</td>
<td></td>
<td>0</td>
<td>dnata.admin.testcases.HomePageTest@2e377400</td></tr>
<tr>
<td title='dnata.admin.testcases.HomePageTest.verifyOrgDetailsParameters()'><b>verifyOrgDetailsParameters</b><br>Test class: dnata.admin.testcases.HomePageTest</td>
<td></td>
<td>5</td>
<td>dnata.admin.testcases.HomePageTest@2e377400</td></tr>
<tr>
<td title='dnata.admin.testcases.CompanyListTest.verifyCompanyUserCreation()'><b>verifyCompanyUserCreation</b><br>Test class: dnata.admin.testcases.CompanyListTest<br>Parameters: {Role= MULTI ROLE 1 , Email=sample@sample.com, First Name=AUTOMATIONUSER, Office Phone=123456789, Last Name=TESTING, Module=B2B, Salutation= MR , Password=Sample@123}</td>
<td></td>
<td>15</td>
<td>dnata.admin.testcases.CompanyListTest@1757cd72</td></tr>
<tr>
<td title='dnata.admin.testcases.CompanyListTest.verifyCompanyCustomerCreation()'><b>verifyCompanyCustomerCreation</b><br>Test class: dnata.admin.testcases.CompanyListTest<br>Parameters: {Email=sample@sample.com, First Name=AUTOMATIONCUSTOMER, PID=01-01-2020, Gender=Male, City=Sample City, Salutation= MR , Nationality= Indian , PED=01-01-2030, Supplier Config=CLUBMED SIT, FOP Default=False, Phone Code= IN - 91 , DOB=01-01-2000, Passport Issued= Indian , Last Name=TESTING, FOP Type=CREDIT, Phone No=912345, Passport No=AY}</td>
<td></td>
<td>28</td>
<td>dnata.admin.testcases.CompanyListTest@1757cd72</td></tr>
</table><p>
</body>
</html>